<?xml version="1.0" encoding="UTF-8"?>
<testsuite xmlns:xsi="http://www.w3.org/2001/XMLSchema-instance" xsi:noNamespaceSchemaLocation="https://maven.apache.org/surefire/maven-surefire-plugin/xsd/surefire-test-report-3.0.xsd" version="3.0" name="com.allan.Application_Climate.ApplicationWeatherMainMainApplicationTests" time="10.8" tests="1" errors="0" skipped="0" failures="0">
  <properties>
    <property name="java.specification.version" value="17"/>
    <property name="sun.cpu.isalist" value="amd64"/>
    <property name="sun.jnu.encoding" value="Cp1252"/>
    <property name="java.class.path" value="C:\Users\Allan Victor\Documents\Aplicação-Clima\Aplicacao-Clima\target\test-classes;C:\Users\Allan Victor\Documents\Aplicação-Clima\Aplicacao-Clima\target\classes;C:\Users\Allan Victor\.m2\repository\org\projectlombok\lombok\1.18.28\lombok-1.18.28.jar;C:\Users\Allan Victor\.m2\repository\org\springframework\boot\spring-boot-starter-oauth2-client\3.1.3\spring-boot-starter-oauth2-client-3.1.3.jar;C:\Users\Allan Victor\.m2\repository\org\springframework\boot\spring-boot-starter\3.1.3\spring-boot-starter-3.1.3.jar;C:\Users\Allan Victor\.m2\repository\org\springframework\boot\spring-boot\3.1.3\spring-boot-3.1.3.jar;C:\Users\Allan Victor\.m2\repository\org\springframework\boot\spring-boot-autoconfigure\3.1.3\spring-boot-autoconfigure-3.1.3.jar;C:\Users\Allan Victor\.m2\repository\org\springframework\boot\spring-boot-starter-logging\3.1.3\spring-boot-starter-logging-3.1.3.jar;C:\Users\Allan Victor\.m2\repository\ch\qos\logback\logback-classic\1.4.11\logback-classic-1.4.11.jar;C:\Users\Allan Victor\.m2\repository\ch\qos\logback\logback-core\1.4.11\logback-core-1.4.11.jar;C:\Users\Allan Victor\.m2\repository\org\apache\logging\log4j\log4j-to-slf4j\2.20.0\log4j-to-slf4j-2.20.0.jar;C:\Users\Allan Victor\.m2\repository\org\apache\logging\log4j\log4j-api\2.20.0\log4j-api-2.20.0.jar;C:\Users\Allan Victor\.m2\repository\org\slf4j\jul-to-slf4j\2.0.7\jul-to-slf4j-2.0.7.jar;C:\Users\Allan Victor\.m2\repository\jakarta\annotation\jakarta.annotation-api\2.1.1\jakarta.annotation-api-2.1.1.jar;C:\Users\Allan Victor\.m2\repository\org\yaml\snakeyaml\1.33\snakeyaml-1.33.jar;C:\Users\Allan Victor\.m2\repository\org\springframework\security\spring-security-config\6.1.3\spring-security-config-6.1.3.jar;C:\Users\Allan Victor\.m2\repository\org\springframework\spring-beans\6.0.11\spring-beans-6.0.11.jar;C:\Users\Allan Victor\.m2\repository\org\springframework\spring-context\6.0.11\spring-context-6.0.11.jar;C:\Users\Allan Victor\.m2\repository\org\springframework\security\spring-security-core\6.1.3\spring-security-core-6.1.3.jar;C:\Users\Allan Victor\.m2\repository\org\springframework\security\spring-security-crypto\6.1.3\spring-security-crypto-6.1.3.jar;C:\Users\Allan Victor\.m2\repository\org\springframework\spring-expression\6.0.11\spring-expression-6.0.11.jar;C:\Users\Allan Victor\.m2\repository\io\micrometer\micrometer-observation\1.11.3\micrometer-observation-1.11.3.jar;C:\Users\Allan Victor\.m2\repository\io\micrometer\micrometer-commons\1.11.3\micrometer-commons-1.11.3.jar;C:\Users\Allan Victor\.m2\repository\org\springframework\security\spring-security-oauth2-client\6.1.3\spring-security-oauth2-client-6.1.3.jar;C:\Users\Allan Victor\.m2\repository\org\springframework\security\spring-security-oauth2-core\6.1.3\spring-security-oauth2-core-6.1.3.jar;C:\Users\Allan Victor\.m2\repository\com\nimbusds\oauth2-oidc-sdk\9.43.3\oauth2-oidc-sdk-9.43.3.jar;C:\Users\Allan Victor\.m2\repository\com\github\stephenc\jcip\jcip-annotations\1.0-1\jcip-annotations-1.0-1.jar;C:\Users\Allan Victor\.m2\repository\com\nimbusds\content-type\2.2\content-type-2.2.jar;C:\Users\Allan Victor\.m2\repository\com\nimbusds\lang-tag\1.7\lang-tag-1.7.jar;C:\Users\Allan Victor\.m2\repository\org\springframework\security\spring-security-oauth2-jose\6.1.3\spring-security-oauth2-jose-6.1.3.jar;C:\Users\Allan Victor\.m2\repository\com\nimbusds\nimbus-jose-jwt\9.31\nimbus-jose-jwt-9.31.jar;C:\Users\Allan Victor\.m2\repository\org\springframework\boot\spring-boot-starter-oauth2-authorization-server\3.1.3\spring-boot-starter-oauth2-authorization-server-3.1.3.jar;C:\Users\Allan Victor\.m2\repository\org\springframework\security\spring-security-oauth2-authorization-server\1.1.2\spring-security-oauth2-authorization-server-1.1.2.jar;C:\Users\Allan Victor\.m2\repository\com\fasterxml\jackson\core\jackson-databind\2.15.2\jackson-databind-2.15.2.jar;C:\Users\Allan Victor\.m2\repository\com\fasterxml\jackson\core\jackson-annotations\2.15.2\jackson-annotations-2.15.2.jar;C:\Users\Allan Victor\.m2\repository\com\fasterxml\jackson\core\jackson-core\2.15.2\jackson-core-2.15.2.jar;C:\Users\Allan Victor\.m2\repository\org\springframework\boot\spring-boot-starter-oauth2-resource-server\3.1.3\spring-boot-starter-oauth2-resource-server-3.1.3.jar;C:\Users\Allan Victor\.m2\repository\org\springframework\security\spring-security-oauth2-resource-server\6.1.3\spring-security-oauth2-resource-server-6.1.3.jar;C:\Users\Allan Victor\.m2\repository\org\springframework\boot\spring-boot-starter-security\3.1.3\spring-boot-starter-security-3.1.3.jar;C:\Users\Allan Victor\.m2\repository\org\springframework\spring-aop\6.0.11\spring-aop-6.0.11.jar;C:\Users\Allan Victor\.m2\repository\org\springframework\security\spring-security-web\6.1.3\spring-security-web-6.1.3.jar;C:\Users\Allan Victor\.m2\repository\org\springframework\boot\spring-boot-starter-thymeleaf\3.1.3\spring-boot-starter-thymeleaf-3.1.3.jar;C:\Users\Allan Victor\.m2\repository\org\thymeleaf\thymeleaf-spring6\3.1.2.RELEASE\thymeleaf-spring6-3.1.2.RELEASE.jar;C:\Users\Allan Victor\.m2\repository\org\thymeleaf\thymeleaf\3.1.2.RELEASE\thymeleaf-3.1.2.RELEASE.jar;C:\Users\Allan Victor\.m2\repository\org\attoparser\attoparser\2.0.7.RELEASE\attoparser-2.0.7.RELEASE.jar;C:\Users\Allan Victor\.m2\repository\org\unbescape\unbescape\1.1.6.RELEASE\unbescape-1.1.6.RELEASE.jar;C:\Users\Allan Victor\.m2\repository\org\springframework\boot\spring-boot-starter-web\3.1.3\spring-boot-starter-web-3.1.3.jar;C:\Users\Allan Victor\.m2\repository\org\springframework\boot\spring-boot-starter-json\3.1.3\spring-boot-starter-json-3.1.3.jar;C:\Users\Allan Victor\.m2\repository\com\fasterxml\jackson\datatype\jackson-datatype-jdk8\2.15.2\jackson-datatype-jdk8-2.15.2.jar;C:\Users\Allan Victor\.m2\repository\com\fasterxml\jackson\datatype\jackson-datatype-jsr310\2.15.2\jackson-datatype-jsr310-2.15.2.jar;C:\Users\Allan Victor\.m2\repository\com\fasterxml\jackson\module\jackson-module-parameter-names\2.15.2\jackson-module-parameter-names-2.15.2.jar;C:\Users\Allan Victor\.m2\repository\org\springframework\boot\spring-boot-starter-tomcat\3.1.3\spring-boot-starter-tomcat-3.1.3.jar;C:\Users\Allan Victor\.m2\repository\org\apache\tomcat\embed\tomcat-embed-core\10.1.12\tomcat-embed-core-10.1.12.jar;C:\Users\Allan Victor\.m2\repository\org\apache\tomcat\embed\tomcat-embed-el\10.1.12\tomcat-embed-el-10.1.12.jar;C:\Users\Allan Victor\.m2\repository\org\apache\tomcat\embed\tomcat-embed-websocket\10.1.12\tomcat-embed-websocket-10.1.12.jar;C:\Users\Allan Victor\.m2\repository\org\springframework\spring-web\6.0.11\spring-web-6.0.11.jar;C:\Users\Allan Victor\.m2\repository\org\springframework\spring-webmvc\6.0.11\spring-webmvc-6.0.11.jar;C:\Users\Allan Victor\.m2\repository\org\thymeleaf\extras\thymeleaf-extras-springsecurity6\3.1.2.RELEASE\thymeleaf-extras-springsecurity6-3.1.2.RELEASE.jar;C:\Users\Allan Victor\.m2\repository\org\slf4j\slf4j-api\2.0.7\slf4j-api-2.0.7.jar;C:\Users\Allan Victor\.m2\repository\org\springframework\boot\spring-boot-starter-test\3.1.3\spring-boot-starter-test-3.1.3.jar;C:\Users\Allan Victor\.m2\repository\org\springframework\boot\spring-boot-test\3.1.3\spring-boot-test-3.1.3.jar;C:\Users\Allan Victor\.m2\repository\org\springframework\boot\spring-boot-test-autoconfigure\3.1.3\spring-boot-test-autoconfigure-3.1.3.jar;C:\Users\Allan Victor\.m2\repository\com\jayway\jsonpath\json-path\2.8.0\json-path-2.8.0.jar;C:\Users\Allan Victor\.m2\repository\jakarta\xml\bind\jakarta.xml.bind-api\4.0.0\jakarta.xml.bind-api-4.0.0.jar;C:\Users\Allan Victor\.m2\repository\jakarta\activation\jakarta.activation-api\2.1.2\jakarta.activation-api-2.1.2.jar;C:\Users\Allan Victor\.m2\repository\net\minidev\json-smart\2.4.11\json-smart-2.4.11.jar;C:\Users\Allan Victor\.m2\repository\net\minidev\accessors-smart\2.4.11\accessors-smart-2.4.11.jar;C:\Users\Allan Victor\.m2\repository\org\ow2\asm\asm\9.3\asm-9.3.jar;C:\Users\Allan Victor\.m2\repository\org\assertj\assertj-core\3.24.2\assertj-core-3.24.2.jar;C:\Users\Allan Victor\.m2\repository\net\bytebuddy\byte-buddy\1.14.6\byte-buddy-1.14.6.jar;C:\Users\Allan Victor\.m2\repository\org\hamcrest\hamcrest\2.2\hamcrest-2.2.jar;C:\Users\Allan Victor\.m2\repository\org\junit\jupiter\junit-jupiter\5.9.3\junit-jupiter-5.9.3.jar;C:\Users\Allan Victor\.m2\repository\org\junit\jupiter\junit-jupiter-api\5.9.3\junit-jupiter-api-5.9.3.jar;C:\Users\Allan Victor\.m2\repository\org\opentest4j\opentest4j\1.2.0\opentest4j-1.2.0.jar;C:\Users\Allan Victor\.m2\repository\org\junit\platform\junit-platform-commons\1.9.3\junit-platform-commons-1.9.3.jar;C:\Users\Allan Victor\.m2\repository\org\apiguardian\apiguardian-api\1.1.2\apiguardian-api-1.1.2.jar;C:\Users\Allan Victor\.m2\repository\org\junit\jupiter\junit-jupiter-params\5.9.3\junit-jupiter-params-5.9.3.jar;C:\Users\Allan Victor\.m2\repository\org\junit\jupiter\junit-jupiter-engine\5.9.3\junit-jupiter-engine-5.9.3.jar;C:\Users\Allan Victor\.m2\repository\org\junit\platform\junit-platform-engine\1.9.3\junit-platform-engine-1.9.3.jar;C:\Users\Allan Victor\.m2\repository\org\mockito\mockito-core\5.3.1\mockito-core-5.3.1.jar;C:\Users\Allan Victor\.m2\repository\net\bytebuddy\byte-buddy-agent\1.14.6\byte-buddy-agent-1.14.6.jar;C:\Users\Allan Victor\.m2\repository\org\objenesis\objenesis\3.3\objenesis-3.3.jar;C:\Users\Allan Victor\.m2\repository\org\mockito\mockito-junit-jupiter\5.3.1\mockito-junit-jupiter-5.3.1.jar;C:\Users\Allan Victor\.m2\repository\org\skyscreamer\jsonassert\1.5.1\jsonassert-1.5.1.jar;C:\Users\Allan Victor\.m2\repository\com\vaadin\external\google\android-json\0.0.20131108.vaadin1\android-json-0.0.20131108.vaadin1.jar;C:\Users\Allan Victor\.m2\repository\org\springframework\spring-core\6.0.11\spring-core-6.0.11.jar;C:\Users\Allan Victor\.m2\repository\org\springframework\spring-jcl\6.0.11\spring-jcl-6.0.11.jar;C:\Users\Allan Victor\.m2\repository\org\springframework\spring-test\6.0.11\spring-test-6.0.11.jar;C:\Users\Allan Victor\.m2\repository\org\xmlunit\xmlunit-core\2.9.1\xmlunit-core-2.9.1.jar;C:\Users\Allan Victor\.m2\repository\org\springframework\security\spring-security-test\6.1.3\spring-security-test-6.1.3.jar;"/>
    <property name="java.vm.vendor" value="Oracle Corporation"/>
    <property name="sun.arch.data.model" value="64"/>
    <property name="user.variant" value=""/>
    <property name="java.vendor.url" value="https://java.oracle.com/"/>
    <property name="user.timezone" value="America/Sao_Paulo"/>
    <property name="os.name" value="Windows 10"/>
    <property name="java.vm.specification.version" value="17"/>
    <property name="sun.java.launcher" value="SUN_STANDARD"/>
    <property name="user.country" value="BR"/>
    <property name="sun.boot.library.path" value="C:\Program Files\Java\jdk-17.0.8_windows-x64_bin\jdk-17.0.8\bin"/>
    <property name="sun.java.command" value="C:\Users\Allan Victor\AppData\Local\Temp\surefire10492518378103973848\surefirebooter-20240108113342638_3.jar C:\Users\Allan Victor\AppData\Local\Temp\surefire10492518378103973848 2024-01-08T11-33-42_294-jvmRun1 surefire-20240108113342638_1tmp surefire_0-20240108113342638_2tmp"/>
    <property name="jdk.debug" value="release"/>
    <property name="surefire.test.class.path" value="C:\Users\Allan Victor\Documents\Aplicação-Clima\Aplicacao-Clima\target\test-classes;C:\Users\Allan Victor\Documents\Aplicação-Clima\Aplicacao-Clima\target\classes;C:\Users\Allan Victor\.m2\repository\org\projectlombok\lombok\1.18.28\lombok-1.18.28.jar;C:\Users\Allan Victor\.m2\repository\org\springframework\boot\spring-boot-starter-oauth2-client\3.1.3\spring-boot-starter-oauth2-client-3.1.3.jar;C:\Users\Allan Victor\.m2\repository\org\springframework\boot\spring-boot-starter\3.1.3\spring-boot-starter-3.1.3.jar;C:\Users\Allan Victor\.m2\repository\org\springframework\boot\spring-boot\3.1.3\spring-boot-3.1.3.jar;C:\Users\Allan Victor\.m2\repository\org\springframework\boot\spring-boot-autoconfigure\3.1.3\spring-boot-autoconfigure-3.1.3.jar;C:\Users\Allan Victor\.m2\repository\org\springframework\boot\spring-boot-starter-logging\3.1.3\spring-boot-starter-logging-3.1.3.jar;C:\Users\Allan Victor\.m2\repository\ch\qos\logback\logback-classic\1.4.11\logback-classic-1.4.11.jar;C:\Users\Allan Victor\.m2\repository\ch\qos\logback\logback-core\1.4.11\logback-core-1.4.11.jar;C:\Users\Allan Victor\.m2\repository\org\apache\logging\log4j\log4j-to-slf4j\2.20.0\log4j-to-slf4j-2.20.0.jar;C:\Users\Allan Victor\.m2\repository\org\apache\logging\log4j\log4j-api\2.20.0\log4j-api-2.20.0.jar;C:\Users\Allan Victor\.m2\repository\org\slf4j\jul-to-slf4j\2.0.7\jul-to-slf4j-2.0.7.jar;C:\Users\Allan Victor\.m2\repository\jakarta\annotation\jakarta.annotation-api\2.1.1\jakarta.annotation-api-2.1.1.jar;C:\Users\Allan Victor\.m2\repository\org\yaml\snakeyaml\1.33\snakeyaml-1.33.jar;C:\Users\Allan Victor\.m2\repository\org\springframework\security\spring-security-config\6.1.3\spring-security-config-6.1.3.jar;C:\Users\Allan Victor\.m2\repository\org\springframework\spring-beans\6.0.11\spring-beans-6.0.11.jar;C:\Users\Allan Victor\.m2\repository\org\springframework\spring-context\6.0.11\spring-context-6.0.11.jar;C:\Users\Allan Victor\.m2\repository\org\springframework\security\spring-security-core\6.1.3\spring-security-core-6.1.3.jar;C:\Users\Allan Victor\.m2\repository\org\springframework\security\spring-security-crypto\6.1.3\spring-security-crypto-6.1.3.jar;C:\Users\Allan Victor\.m2\repository\org\springframework\spring-expression\6.0.11\spring-expression-6.0.11.jar;C:\Users\Allan Victor\.m2\repository\io\micrometer\micrometer-observation\1.11.3\micrometer-observation-1.11.3.jar;C:\Users\Allan Victor\.m2\repository\io\micrometer\micrometer-commons\1.11.3\micrometer-commons-1.11.3.jar;C:\Users\Allan Victor\.m2\repository\org\springframework\security\spring-security-oauth2-client\6.1.3\spring-security-oauth2-client-6.1.3.jar;C:\Users\Allan Victor\.m2\repository\org\springframework\security\spring-security-oauth2-core\6.1.3\spring-security-oauth2-core-6.1.3.jar;C:\Users\Allan Victor\.m2\repository\com\nimbusds\oauth2-oidc-sdk\9.43.3\oauth2-oidc-sdk-9.43.3.jar;C:\Users\Allan Victor\.m2\repository\com\github\stephenc\jcip\jcip-annotations\1.0-1\jcip-annotations-1.0-1.jar;C:\Users\Allan Victor\.m2\repository\com\nimbusds\content-type\2.2\content-type-2.2.jar;C:\Users\Allan Victor\.m2\repository\com\nimbusds\lang-tag\1.7\lang-tag-1.7.jar;C:\Users\Allan Victor\.m2\repository\org\springframework\security\spring-security-oauth2-jose\6.1.3\spring-security-oauth2-jose-6.1.3.jar;C:\Users\Allan Victor\.m2\repository\com\nimbusds\nimbus-jose-jwt\9.31\nimbus-jose-jwt-9.31.jar;C:\Users\Allan Victor\.m2\repository\org\springframework\boot\spring-boot-starter-oauth2-authorization-server\3.1.3\spring-boot-starter-oauth2-authorization-server-3.1.3.jar;C:\Users\Allan Victor\.m2\repository\org\springframework\security\spring-security-oauth2-authorization-server\1.1.2\spring-security-oauth2-authorization-server-1.1.2.jar;C:\Users\Allan Victor\.m2\repository\com\fasterxml\jackson\core\jackson-databind\2.15.2\jackson-databind-2.15.2.jar;C:\Users\Allan Victor\.m2\repository\com\fasterxml\jackson\core\jackson-annotations\2.15.2\jackson-annotations-2.15.2.jar;C:\Users\Allan Victor\.m2\repository\com\fasterxml\jackson\core\jackson-core\2.15.2\jackson-core-2.15.2.jar;C:\Users\Allan Victor\.m2\repository\org\springframework\boot\spring-boot-starter-oauth2-resource-server\3.1.3\spring-boot-starter-oauth2-resource-server-3.1.3.jar;C:\Users\Allan Victor\.m2\repository\org\springframework\security\spring-security-oauth2-resource-server\6.1.3\spring-security-oauth2-resource-server-6.1.3.jar;C:\Users\Allan Victor\.m2\repository\org\springframework\boot\spring-boot-starter-security\3.1.3\spring-boot-starter-security-3.1.3.jar;C:\Users\Allan Victor\.m2\repository\org\springframework\spring-aop\6.0.11\spring-aop-6.0.11.jar;C:\Users\Allan Victor\.m2\repository\org\springframework\security\spring-security-web\6.1.3\spring-security-web-6.1.3.jar;C:\Users\Allan Victor\.m2\repository\org\springframework\boot\spring-boot-starter-thymeleaf\3.1.3\spring-boot-starter-thymeleaf-3.1.3.jar;C:\Users\Allan Victor\.m2\repository\org\thymeleaf\thymeleaf-spring6\3.1.2.RELEASE\thymeleaf-spring6-3.1.2.RELEASE.jar;C:\Users\Allan Victor\.m2\repository\org\thymeleaf\thymeleaf\3.1.2.RELEASE\thymeleaf-3.1.2.RELEASE.jar;C:\Users\Allan Victor\.m2\repository\org\attoparser\attoparser\2.0.7.RELEASE\attoparser-2.0.7.RELEASE.jar;C:\Users\Allan Victor\.m2\repository\org\unbescape\unbescape\1.1.6.RELEASE\unbescape-1.1.6.RELEASE.jar;C:\Users\Allan Victor\.m2\repository\org\springframework\boot\spring-boot-starter-web\3.1.3\spring-boot-starter-web-3.1.3.jar;C:\Users\Allan Victor\.m2\repository\org\springframework\boot\spring-boot-starter-json\3.1.3\spring-boot-starter-json-3.1.3.jar;C:\Users\Allan Victor\.m2\repository\com\fasterxml\jackson\datatype\jackson-datatype-jdk8\2.15.2\jackson-datatype-jdk8-2.15.2.jar;C:\Users\Allan Victor\.m2\repository\com\fasterxml\jackson\datatype\jackson-datatype-jsr310\2.15.2\jackson-datatype-jsr310-2.15.2.jar;C:\Users\Allan Victor\.m2\repository\com\fasterxml\jackson\module\jackson-module-parameter-names\2.15.2\jackson-module-parameter-names-2.15.2.jar;C:\Users\Allan Victor\.m2\repository\org\springframework\boot\spring-boot-starter-tomcat\3.1.3\spring-boot-starter-tomcat-3.1.3.jar;C:\Users\Allan Victor\.m2\repository\org\apache\tomcat\embed\tomcat-embed-core\10.1.12\tomcat-embed-core-10.1.12.jar;C:\Users\Allan Victor\.m2\repository\org\apache\tomcat\embed\tomcat-embed-el\10.1.12\tomcat-embed-el-10.1.12.jar;C:\Users\Allan Victor\.m2\repository\org\apache\tomcat\embed\tomcat-embed-websocket\10.1.12\tomcat-embed-websocket-10.1.12.jar;C:\Users\Allan Victor\.m2\repository\org\springframework\spring-web\6.0.11\spring-web-6.0.11.jar;C:\Users\Allan Victor\.m2\repository\org\springframework\spring-webmvc\6.0.11\spring-webmvc-6.0.11.jar;C:\Users\Allan Victor\.m2\repository\org\thymeleaf\extras\thymeleaf-extras-springsecurity6\3.1.2.RELEASE\thymeleaf-extras-springsecurity6-3.1.2.RELEASE.jar;C:\Users\Allan Victor\.m2\repository\org\slf4j\slf4j-api\2.0.7\slf4j-api-2.0.7.jar;C:\Users\Allan Victor\.m2\repository\org\springframework\boot\spring-boot-starter-test\3.1.3\spring-boot-starter-test-3.1.3.jar;C:\Users\Allan Victor\.m2\repository\org\springframework\boot\spring-boot-test\3.1.3\spring-boot-test-3.1.3.jar;C:\Users\Allan Victor\.m2\repository\org\springframework\boot\spring-boot-test-autoconfigure\3.1.3\spring-boot-test-autoconfigure-3.1.3.jar;C:\Users\Allan Victor\.m2\repository\com\jayway\jsonpath\json-path\2.8.0\json-path-2.8.0.jar;C:\Users\Allan Victor\.m2\repository\jakarta\xml\bind\jakarta.xml.bind-api\4.0.0\jakarta.xml.bind-api-4.0.0.jar;C:\Users\Allan Victor\.m2\repository\jakarta\activation\jakarta.activation-api\2.1.2\jakarta.activation-api-2.1.2.jar;C:\Users\Allan Victor\.m2\repository\net\minidev\json-smart\2.4.11\json-smart-2.4.11.jar;C:\Users\Allan Victor\.m2\repository\net\minidev\accessors-smart\2.4.11\accessors-smart-2.4.11.jar;C:\Users\Allan Victor\.m2\repository\org\ow2\asm\asm\9.3\asm-9.3.jar;C:\Users\Allan Victor\.m2\repository\org\assertj\assertj-core\3.24.2\assertj-core-3.24.2.jar;C:\Users\Allan Victor\.m2\repository\net\bytebuddy\byte-buddy\1.14.6\byte-buddy-1.14.6.jar;C:\Users\Allan Victor\.m2\repository\org\hamcrest\hamcrest\2.2\hamcrest-2.2.jar;C:\Users\Allan Victor\.m2\repository\org\junit\jupiter\junit-jupiter\5.9.3\junit-jupiter-5.9.3.jar;C:\Users\Allan Victor\.m2\repository\org\junit\jupiter\junit-jupiter-api\5.9.3\junit-jupiter-api-5.9.3.jar;C:\Users\Allan Victor\.m2\repository\org\opentest4j\opentest4j\1.2.0\opentest4j-1.2.0.jar;C:\Users\Allan Victor\.m2\repository\org\junit\platform\junit-platform-commons\1.9.3\junit-platform-commons-1.9.3.jar;C:\Users\Allan Victor\.m2\repository\org\apiguardian\apiguardian-api\1.1.2\apiguardian-api-1.1.2.jar;C:\Users\Allan Victor\.m2\repository\org\junit\jupiter\junit-jupiter-params\5.9.3\junit-jupiter-params-5.9.3.jar;C:\Users\Allan Victor\.m2\repository\org\junit\jupiter\junit-jupiter-engine\5.9.3\junit-jupiter-engine-5.9.3.jar;C:\Users\Allan Victor\.m2\repository\org\junit\platform\junit-platform-engine\1.9.3\junit-platform-engine-1.9.3.jar;C:\Users\Allan Victor\.m2\repository\org\mockito\mockito-core\5.3.1\mockito-core-5.3.1.jar;C:\Users\Allan Victor\.m2\repository\net\bytebuddy\byte-buddy-agent\1.14.6\byte-buddy-agent-1.14.6.jar;C:\Users\Allan Victor\.m2\repository\org\objenesis\objenesis\3.3\objenesis-3.3.jar;C:\Users\Allan Victor\.m2\repository\org\mockito\mockito-junit-jupiter\5.3.1\mockito-junit-jupiter-5.3.1.jar;C:\Users\Allan Victor\.m2\repository\org\skyscreamer\jsonassert\1.5.1\jsonassert-1.5.1.jar;C:\Users\Allan Victor\.m2\repository\com\vaadin\external\google\android-json\0.0.20131108.vaadin1\android-json-0.0.20131108.vaadin1.jar;C:\Users\Allan Victor\.m2\repository\org\springframework\spring-core\6.0.11\spring-core-6.0.11.jar;C:\Users\Allan Victor\.m2\repository\org\springframework\spring-jcl\6.0.11\spring-jcl-6.0.11.jar;C:\Users\Allan Victor\.m2\repository\org\springframework\spring-test\6.0.11\spring-test-6.0.11.jar;C:\Users\Allan Victor\.m2\repository\org\xmlunit\xmlunit-core\2.9.1\xmlunit-core-2.9.1.jar;C:\Users\Allan Victor\.m2\repository\org\springframework\security\spring-security-test\6.1.3\spring-security-test-6.1.3.jar;"/>
    <property name="sun.cpu.endian" value="little"/>
    <property name="user.home" value="C:\Users\Allan Victor"/>
    <property name="user.language" value="pt"/>
    <property name="java.specification.vendor" value="Oracle Corporation"/>
    <property name="java.version.date" value="2023-07-18"/>
    <property name="java.home" value="C:\Program Files\Java\jdk-17.0.8_windows-x64_bin\jdk-17.0.8"/>
    <property name="file.separator" value="\"/>
    <property name="basedir" value="C:\Users\Allan Victor\Documents\Aplicação-Clima\Aplicacao-Clima"/>
    <property name="java.vm.compressedOopsMode" value="Zero based"/>
    <property name="line.separator" value="&#10;"/>
    <property name="java.vm.specification.vendor" value="Oracle Corporation"/>
    <property name="java.specification.name" value="Java Platform API Specification"/>
    <property name="FILE_LOG_CHARSET" value="windows-1252"/>
    <property name="java.awt.headless" value="true"/>
    <property name="surefire.real.class.path" value="C:\Users\Allan Victor\AppData\Local\Temp\surefire10492518378103973848\surefirebooter-20240108113342638_3.jar"/>
    <property name="user.script" value=""/>
    <property name="sun.management.compiler" value="HotSpot 64-Bit Tiered Compilers"/>
    <property name="java.runtime.version" value="17.0.8+9-LTS-211"/>
    <property name="user.name" value="Allan Victor"/>
    <property name="path.separator" value=";"/>
    <property name="os.version" value="10.0"/>
    <property name="java.runtime.name" value="Java(TM) SE Runtime Environment"/>
    <property name="file.encoding" value="Cp1252"/>
    <property name="java.vm.name" value="Java HotSpot(TM) 64-Bit Server VM"/>
    <property name="localRepository" value="C:\Users\Allan Victor\.m2\repository"/>
    <property name="java.vendor.url.bug" value="https://bugreport.java.com/bugreport/"/>
    <property name="java.io.tmpdir" value="C:\Users\ALLANV~1\AppData\Local\Temp\"/>
    <property name="java.version" value="17.0.8"/>
    <property name="user.dir" value="C:\Users\Allan Victor\Documents\Aplicação-Clima\Aplicacao-Clima"/>
    <property name="os.arch" value="amd64"/>
    <property name="java.vm.specification.name" value="Java Virtual Machine Specification"/>
    <property name="PID" value="9556"/>
    <property name="idea.version2019.1.2" value="true"/>
    <property name="sun.os.patch.level" value=""/>
    <property name="CONSOLE_LOG_CHARSET" value="windows-1252"/>
    <property name="native.encoding" value="Cp1252"/>
    <property name="java.library.path" value="C:\Program Files\Java\jdk-17.0.8_windows-x64_bin\jdk-17.0.8\bin;C:\Windows\Sun\Java\bin;C:\Windows\system32;C:\Windows;C:\Program Files\PlasticSCM5\server;C:\Program Files\PlasticSCM5\client;C:\app\AllanVictor\product\21c\dbhomeXE\bin;C:\Users\AllanVictor\Documents\OracleDatabase\dbhomeXE\bin;C:\Program Files\Common Files\Oracle\Java\javapath;C:\Windows\system32;C:\Windows;C:\Windows\System32\Wbem;C:\Windows\System32\WindowsPowerShell\v1.0\;C:\Windows\System32\OpenSSH\;C:\Program Files\Microsoft SQL Server\130\Tools\Binn\;C:\Program Files\dotnet\;C:\Program Files\Microsoft SQL Server\150\Tools\Binn\;C:\Program Files\nodejs\;C:\ProgramData\chocolatey\bin;C:\Program Files\Git\cmd;C:\apache-maven-3.9.4\bin;C:\Program Files (x86)\EaseUS\Todo Backup\bin;C:\Users\Allan Victor\AppData\Local\Microsoft\WindowsApps;C:\Users\Allan Victor\.dotnet\tools;C:\Users\Allan Victor\AppData\Roaming\npm;C:\Program Files\JetBrains\IntelliJ IDEA 2021.3.3\bin;;C:\Program Files\JetBrains\IntelliJ IDEA Community Edition 2021.3.3\bin;;C:\Users\Allan Victor\AppData\Local\Programs\Microsoft VS Code\bin;C:\ProgramData\Allan Victor\GitHubDesktop\bin;."/>
    <property name="java.vm.info" value="mixed mode, sharing"/>
    <property name="java.vendor" value="Oracle Corporation"/>
    <property name="java.vm.version" value="17.0.8+9-LTS-211"/>
    <property name="sun.io.unicode.encoding" value="UnicodeLittle"/>
    <property name="java.class.version" value="61.0"/>
  </properties>
  <testcase name="contextLoads" classname="com.allan.Application_Climate.ApplicationWeatherMainMainApplicationTests" time="2.862">
    <system-out><![CDATA[11:33:44.738 [main] INFO org.springframework.test.context.support.AnnotationConfigContextLoaderUtils -- Could not detect default configuration classes for test class [com.allan.Application_Climate.ApplicationWeatherMainMainApplicationTests]: ApplicationWeatherMainMainApplicationTests does not declare any static, non-private, non-final, nested classes annotated with @Configuration.
11:33:44.999 [main] INFO org.springframework.boot.test.context.SpringBootTestContextBootstrapper -- Found @SpringBootConfiguration com.allan.Application_Climate.ApplicationClimateApplication for test class com.allan.Application_Climate.ApplicationWeatherMainMainApplicationTests

  .   ____          _            __ _ _
 /\\ / ___'_ __ _ _(_)_ __  __ _ \ \ \ \
( ( )\___ | '_ | '_| | '_ \/ _` | \ \ \ \
 \\/  ___)| |_)| | | | | || (_| |  ) ) ) )
  '  |____| .__|_| |_|_| |_\__, | / / / /
 =========|_|==============|___/=/_/_/_/
 :: Spring Boot ::                (v3.1.3)

2024-01-08T11:33:46.062-03:00  INFO 9556 --- [           main] plicationWeatherMainMainApplicationTests : Starting ApplicationWeatherMainMainApplicationTests using Java 17.0.8 with PID 9556 (started by Allan Victor in C:\Users\Allan Victor\Documents\Aplicação-Clima\Aplicacao-Clima)
2024-01-08T11:33:46.066-03:00  INFO 9556 --- [           main] plicationWeatherMainMainApplicationTests : No active profile set, falling back to 1 default profile: "default"
2024-01-08T11:33:49.098-03:00  INFO 9556 --- [           main] o.s.s.web.DefaultSecurityFilterChain     : Will secure any request with [org.springframework.security.web.session.DisableEncodeUrlFilter@2e86807a, org.springframework.security.web.context.request.async.WebAsyncManagerIntegrationFilter@4548d254, org.springframework.security.web.context.SecurityContextHolderFilter@2a097d77, org.springframework.security.web.header.HeaderWriterFilter@6bc24e72, org.springframework.security.web.csrf.CsrfFilter@58c1da09, org.springframework.security.web.authentication.logout.LogoutFilter@2c413ffc, org.springframework.security.oauth2.client.web.OAuth2AuthorizationRequestRedirectFilter@655f69da, org.springframework.security.oauth2.client.web.OAuth2LoginAuthenticationFilter@43b5021c, org.springframework.security.web.authentication.ui.DefaultLoginPageGeneratingFilter@18539cb1, org.springframework.security.web.authentication.ui.DefaultLogoutPageGeneratingFilter@590f0c50, org.springframework.security.web.savedrequest.RequestCacheAwareFilter@7650ded6, org.springframework.security.web.servletapi.SecurityContextHolderAwareRequestFilter@1a47a1e8, org.springframework.security.web.authentication.AnonymousAuthenticationFilter@208f0007, org.springframework.security.web.access.ExceptionTranslationFilter@3f362135, org.springframework.security.web.access.intercept.AuthorizationFilter@3df1a1ac]
2024-01-08T11:33:52.183-03:00  INFO 9556 --- [           main] plicationWeatherMainMainApplicationTests : Started ApplicationWeatherMainMainApplicationTests in 6.713 seconds (process running for 9.198)
]]></system-out>
  </testcase>
</testsuite>